<?xml version="1.0" encoding="UTF-8"?>
<testsuite name="com.factory.aquacoachsmarthydrationai.ui.home.HomeViewModelTest" tests="4" skipped="0" failures="0" errors="0" timestamp="2026-09-07T00:00:31" hostname="Sushanths-Mac-mini.local" time="0.012">
  <properties/>
  <testcase name="logWater calls the repository with the given amount" classname="com.factory.aquacoachsmarthydrationai.ui.home.HomeViewModelTest" time="0.004"/>
  <testcase name="deleteEntry calls the repository with the given entry" classname="com.factory.aquacoachsmarthydrationai.ui.home.HomeViewModelTest" time="0.003"/>
  <testcase name="uiState reflects updates emitted by the repository" classname="com.factory.aquacoachsmarthydrationai.ui.home.HomeViewModelTest" time="0.003"/>
  <testcase name="initial state combines total, preferences and entries" classname="com.factory.aquacoachsmarthydrationai.ui.home.HomeViewModelTest" time="0.002"/>
  <system-out><![CDATA[]]></system-out>
  <system-err><![CDATA[]]></system-err>
</testsuite>
